c:\workspace\programming\c++\olcpixelgameengine\_bin-int\olcpixelgameengine-debug-x64\microsoft\stl\std.compat.ixx.ifc
c:\workspace\programming\c++\olcpixelgameengine\_bin-int\olcpixelgameengine-debug-x64\microsoft\stl\std.compat.ixx.ifc.d.json
c:\workspace\programming\c++\olcpixelgameengine\_bin-int\olcpixelgameengine-debug-x64\microsoft\stl\std.compat.ixx.obj
c:\workspace\programming\c++\olcpixelgameengine\_bin-int\olcpixelgameengine-debug-x64\olc.cppm.ifc
c:\workspace\programming\c++\olcpixelgameengine\_bin-int\olcpixelgameengine-debug-x64\olc.cppm.ifc.d.json
c:\workspace\programming\c++\olcpixelgameengine\_bin-int\olcpixelgameengine-debug-x64\olc.cppm.obj
c:\workspace\programming\c++\olcpixelgameengine\_bin-int\olcpixelgameengine-debug-x64\microsoft\stl\std.ixx.ifc
c:\workspace\programming\c++\olcpixelgameengine\_bin-int\olcpixelgameengine-debug-x64\microsoft\stl\std.ixx.ifc.d.json
c:\workspace\programming\c++\olcpixelgameengine\_bin-int\olcpixelgameengine-debug-x64\microsoft\stl\std.ixx.obj
c:\workspace\programming\c++\olcpixelgameengine\_bin-int\olcpixelgameengine-debug-x64\microsoft\stl\std.ixx.module.json
c:\workspace\programming\c++\olcpixelgameengine\_bin-int\olcpixelgameengine-debug-x64\microsoft\stl\std.compat.ixx.module.json
c:\workspace\programming\c++\olcpixelgameengine\_bin-int\olcpixelgameengine-debug-x64\olc.cppm.module.json
c:\workspace\programming\c++\olcpixelgameengine\_bin-int\olcpixelgameengine-debug-x64\vc143.idb
c:\workspace\programming\c++\olcpixelgameengine\_bin-int\olcpixelgameengine-debug-x64\vc143.pdb
c:\workspace\programming\c++\olcpixelgameengine\_bin\olcpixelgameengine-debug-x64\olcpixelgameengine.pdb
c:\workspace\programming\c++\olcpixelgameengine\_bin-int\olcpixelgameengine-debug-x64\olcpixelgameengine.vcxproj.filelistabsolute.txt
c:\workspace\programming\c++\olcpixelgameengine\_bin-int\olcpixelgameengine-debug-x64\olcpixel.2ad6039c.tlog\cl.command.1.tlog
c:\workspace\programming\c++\olcpixelgameengine\_bin-int\olcpixelgameengine-debug-x64\olcpixel.2ad6039c.tlog\link-cvtres.read.1.tlog
c:\workspace\programming\c++\olcpixelgameengine\_bin-int\olcpixelgameengine-debug-x64\olcpixel.2ad6039c.tlog\link-cvtres.write.1.tlog
c:\workspace\programming\c++\olcpixelgameengine\_bin-int\olcpixelgameengine-debug-x64\olcpixel.2ad6039c.tlog\link-rc.read.1.tlog
c:\workspace\programming\c++\olcpixelgameengine\_bin-int\olcpixelgameengine-debug-x64\olcpixel.2ad6039c.tlog\link-rc.write.1.tlog
c:\workspace\programming\c++\olcpixelgameengine\_bin-int\olcpixelgameengine-debug-x64\olcpixel.2ad6039c.tlog\link.command.1.tlog
c:\workspace\programming\c++\olcpixelgameengine\_bin-int\olcpixelgameengine-debug-x64\olcpixel.2ad6039c.tlog\link.read.1.tlog
c:\workspace\programming\c++\olcpixelgameengine\_bin-int\olcpixelgameengine-debug-x64\olcpixel.2ad6039c.tlog\link.read.2.tlog
c:\workspace\programming\c++\olcpixelgameengine\_bin-int\olcpixelgameengine-debug-x64\olcpixel.2ad6039c.tlog\link.write.1.tlog
c:\workspace\programming\c++\olcpixelgameengine\_bin-int\olcpixelgameengine-debug-x64\olcpixel.2ad6039c.tlog\microsoft.build.cpptasks.cl.read.1.tlog
c:\workspace\programming\c++\olcpixelgameengine\_bin-int\olcpixelgameengine-debug-x64\olcpixel.2ad6039c.tlog\microsoft.build.cpptasks.cl.write.1.tlog
c:\workspace\programming\c++\olcpixelgameengine\_bin-int\olcpixelgameengine-debug-x64\olcpixel.2ad6039c_md.tlog\cl.command.1.tlog
c:\workspace\programming\c++\olcpixelgameengine\_bin-int\olcpixelgameengine-debug-x64\olcpixel.2ad6039c_md.tlog\microsoft.build.cpptasks.cl.read.1.tlog
c:\workspace\programming\c++\olcpixelgameengine\_bin-int\olcpixelgameengine-debug-x64\olcpixel.2ad6039c_md.tlog\microsoft.build.cpptasks.cl.write.1.tlog
